0 info it worked if it ends with ok
1 verbose cli [ '/usr/local/bin/node',
1 verbose cli   '/usr/local/bin/npm',
1 verbose cli   '-g',
1 verbose cli   'install',
1 verbose cli   'weinre' ]
2 info using npm@2.11.2
3 info using node@v0.12.5
4 verbose install initial load of /usr/local/lib/package.json
5 verbose readDependencies loading dependencies from /usr/local/lib/package.json
6 silly cache add args [ 'weinre', null ]
7 verbose cache add spec weinre
8 silly cache add parsed spec { raw: 'weinre',
8 silly cache add   scope: null,
8 silly cache add   name: 'weinre',
8 silly cache add   rawSpec: '',
8 silly cache add   spec: '*',
8 silly cache add   type: 'range' }
9 silly addNamed weinre@*
10 verbose addNamed "*" is a valid semver range for weinre
11 silly addNameRange { name: 'weinre', range: '*', hasData: false }
12 silly mapToRegistry name weinre
13 silly mapToRegistry using default registry
14 silly mapToRegistry registry https://registry.npmjs.org/
15 silly mapToRegistry uri https://registry.npmjs.org/weinre
16 verbose addNameRange registry:https://registry.npmjs.org/weinre not in flight; fetching
17 verbose request uri https://registry.npmjs.org/weinre
18 verbose request no auth needed
19 info attempt registry request try #1 at 11:07:51 PM
20 verbose request id 111a35f5edb7a67a
21 verbose etag "4O7CJN6Q6M5KMAB7EWOOICX3R"
22 http request GET https://registry.npmjs.org/weinre
23 http 200 https://registry.npmjs.org/weinre
24 silly get cb [ 200,
24 silly get   { server: 'CouchDB/1.5.0 (Erlang OTP/R16B03)',
24 silly get     etag: '"BPMQ3QRCDM4V51L33CZIX9OH4"',
24 silly get     'content-type': 'application/json',
24 silly get     'content-encoding': 'gzip',
24 silly get     'cache-control': 'max-age=300',
24 silly get     'content-length': '3466',
24 silly get     'accept-ranges': 'bytes',
24 silly get     date: 'Wed, 15 Jun 2016 04:07:52 GMT',
24 silly get     via: '1.1 varnish',
24 silly get     age: '99',
24 silly get     connection: 'keep-alive',
24 silly get     'x-served-by': 'cache-atl6225-ATL',
24 silly get     'x-cache': 'HIT',
24 silly get     'x-cache-hits': '1',
24 silly get     'x-timer': 'S1465963672.326303,VS0,VE0',
24 silly get     vary: 'Accept-Encoding' } ]
25 verbose get saving weinre to /home/miguelmich/.npm/registry.npmjs.org/weinre/.cache.json
26 silly addNameRange number 2 { name: 'weinre', range: '*', hasData: true }
27 silly addNameRange versions [ 'weinre',
27 silly addNameRange   [ '2.0.0-pre-H0WTHDO5-incubating',
27 silly addNameRange     '2.0.0-pre-H1GCS73N-incubating',
27 silly addNameRange     '2.0.0-pre-H3FWTQKQ-incubating',
27 silly addNameRange     '2.0.0-pre-H41DGW8S-incubating',
27 silly addNameRange     '2.0.0-pre-H8EOSCLN-incubating',
27 silly addNameRange     '2.0.0-pre-H9PU2WST-incubating',
27 silly addNameRange     '2.0.0-pre-HA5N9T49',
27 silly addNameRange     '2.0.0-pre-HG9PLCRF',
27 silly addNameRange     '2.0.0-pre-HH0SN197',
27 silly addNameRange     '2.0.0-pre-HYFXM3QM',
27 silly addNameRange     '2.0.0-pre-HZ79PDUK',
27 silly addNameRange     '2.0.0-pre-HZO3BMNG',
27 silly addNameRange     '2.0.0-pre-I0Z7U9OV' ] ]
28 verbose stack Error: No compatible version found: weinre@'*'
28 verbose stack Valid install targets:
28 verbose stack ["2.0.0-pre-H0WTHDO5-incubating","2.0.0-pre-H1GCS73N-incubating","2.0.0-pre-H3FWTQKQ-incubating","2.0.0-pre-H41DGW8S-incubating","2.0.0-pre-H8EOSCLN-incubating","2.0.0-pre-H9PU2WST-incubating","2.0.0-pre-HA5N9T49","2.0.0-pre-HG9PLCRF","2.0.0-pre-HH0SN197","2.0.0-pre-HYFXM3QM","2.0.0-pre-HZ79PDUK","2.0.0-pre-HZO3BMNG","2.0.0-pre-I0Z7U9OV"]
28 verbose stack
28 verbose stack     at installTargetsError (/usr/local/lib/node_modules/npm/lib/cache/add-named.js:274:12)
28 verbose stack     at next (/usr/local/lib/node_modules/npm/lib/cache/add-named.js:253:17)
28 verbose stack     at setData (/usr/local/lib/node_modules/npm/lib/cache/add-named.js:230:5)
28 verbose stack     at RES (/usr/local/lib/node_modules/npm/node_modules/inflight/inflight.js:23:14)
28 verbose stack     at f (/usr/local/lib/node_modules/npm/node_modules/once/once.js:17:25)
28 verbose stack     at fixName (/usr/local/lib/node_modules/npm/lib/cache/add-named.js:29:5)
28 verbose stack     at saved (/usr/local/lib/node_modules/npm/lib/cache/caching-client.js:173:7)
28 verbose stack     at FSReqWrap.oncomplete (fs.js:95:15)
29 verbose cwd /home/miguelmich/projects/lsmobile
30 error Linux 3.16.0-67-generic
31 error argv "/usr/local/bin/node" "/usr/local/bin/npm" "-g" "install" "weinre"
32 error node v0.12.5
33 error npm  v2.11.2
34 error code ETARGET
35 error notarget No compatible version found: weinre@'*'
35 error notarget Valid install targets:
35 error notarget ["2.0.0-pre-H0WTHDO5-incubating","2.0.0-pre-H1GCS73N-incubating","2.0.0-pre-H3FWTQKQ-incubating","2.0.0-pre-H41DGW8S-incubating","2.0.0-pre-H8EOSCLN-incubating","2.0.0-pre-H9PU2WST-incubating","2.0.0-pre-HA5N9T49","2.0.0-pre-HG9PLCRF","2.0.0-pre-HH0SN197","2.0.0-pre-HYFXM3QM","2.0.0-pre-HZ79PDUK","2.0.0-pre-HZO3BMNG","2.0.0-pre-I0Z7U9OV"]
35 error notarget
35 error notarget This is most likely not a problem with npm itself.
35 error notarget In most cases you or one of your dependencies are requesting
35 error notarget a package version that doesn't exist.
36 verbose exit [ 1, true ]
